
 ============================>     TALLY 1     <============================

 O17
   Absorption Rate                      2.54634E-07    +/- 2.90095E-11
 O16
   Absorption Rate                      3.45641E-06    +/- 1.69050E-09
 C0
   Absorption Rate                      5.08892E-02    +/- 7.29103E-06
 B11
   Absorption Rate                      4.76010E-07    +/- 6.10056E-11
 U234
   Absorption Rate                      1.99854E-03    +/- 2.69554E-07
 U235
   Absorption Rate                      0.861160       +/- 1.10481E-04
 U238
   Absorption Rate                      2.24318E-03    +/- 4.61876E-07
 Fe56
   Absorption Rate                      1.76166E-03    +/- 2.26470E-07
 Fe57
   Absorption Rate                      3.84337E-05    +/- 4.88246E-09
 Fe54
   Absorption Rate                      9.82720E-05    +/- 1.24835E-08
 U236
   Absorption Rate                      2.36752E-04    +/- 6.05536E-08
 B10
   Absorption Rate                      8.19863E-02    +/- 1.05478E-05
 Fe58
   Absorption Rate                      2.59814E-06    +/- 3.28849E-10
