
 ============================>     TALLY 1     <============================

 B10
   Absorption Rate                      8.25172E-02    +/- 9.67207E-06
 B11
   Absorption Rate                      4.79086E-07    +/- 5.61042E-11
 Fe56
   Absorption Rate                      3.95636E-03    +/- 4.62104E-07
 U238
   Absorption Rate                      2.83052E-03    +/- 6.21917E-07
 C0
   Absorption Rate                      5.08501E-02    +/- 6.23884E-06
 Fe58
   Absorption Rate                      5.79467E-06    +/- 6.85007E-10
 Fe57
   Absorption Rate                      8.63617E-05    +/- 9.96848E-09
 U235
   Absorption Rate                      0.859761       +/- 1.00733E-04
 Fe54
   Absorption Rate                      2.20908E-04    +/- 2.53611E-08
 O16
   Absorption Rate                      3.83962E-06    +/- 1.69295E-09
