
 ============================>     TALLY 1     <============================

 C0
   Absorption Rate                      4.84194E-02    +/- 5.95003E-06
 O16
   Absorption Rate                      3.36328E-06    +/- 1.43191E-09
 U234
   Absorption Rate                      1.76544E-03    +/- 2.53221E-07
 U235
   Absorption Rate                      0.820558       +/- 8.97168E-05
 U236
   Absorption Rate                      1.87130E-04    +/- 5.02501E-08
 U238
   Absorption Rate                      1.75498E-03    +/- 4.73825E-07
 B10
   Absorption Rate                      7.83810E-02    +/- 8.64334E-06
 B11
   Absorption Rate                      4.56996E-07    +/- 5.04739E-11
 Fe57
   Absorption Rate                      3.64477E-05    +/- 3.95807E-09
 Fe54
   Absorption Rate                      9.33214E-05    +/- 1.01723E-08
 Fe56
   Absorption Rate                      1.67298E-03    +/- 1.83572E-07
 Fe58
   Absorption Rate                      2.43224E-06    +/- 2.66169E-10
 V51
   Absorption Rate                      4.25550E-04    +/- 4.66843E-08
 V50
   Absorption Rate                      1.03263E-05    +/- 1.13175E-09
 H2
   Absorption Rate                      1.11510E-08    +/- 1.22375E-12
 H1
   Absorption Rate                      4.67733E-02    +/- 5.15768E-06
